2019-11-01 10:34:33,133 [main] ERROR [org.apache.hadoop.util.Shell] Shell.java:396 - Failed to locate the winutils binary in the hadoop binary path
java.io.IOException: Could not locate executable null\bin\winutils.exe in the Hadoop binaries.
	at org.apache.hadoop.util.Shell.getQualifiedBinPath(Shell.java:378)
	at org.apache.hadoop.util.Shell.getWinUtilsPath(Shell.java:393)
	at org.apache.hadoop.util.Shell.<clinit>(Shell.java:386)
	at org.apache.hadoop.util.StringUtils.<clinit>(StringUtils.java:79)
	at org.apache.hadoop.security.Groups.parseStaticMapping(Groups.java:116)
	at org.apache.hadoop.security.Groups.<init>(Groups.java:93)
	at org.apache.hadoop.security.Groups.<init>(Groups.java:73)
	at org.apache.hadoop.security.Groups.getUserToGroupsMappingService(Groups.java:293)
	at org.apache.hadoop.security.UserGroupInformation.initialize(UserGroupInformation.java:283)
	at org.apache.hadoop.security.UserGroupInformation.ensureInitialized(UserGroupInformation.java:260)
	at org.apache.hadoop.security.UserGroupInformation.loginUserFromSubject(UserGroupInformation.java:789)
	at org.apache.hadoop.security.UserGroupInformation.getLoginUser(UserGroupInformation.java:774)
	at org.apache.hadoop.security.UserGroupInformation.getCurrentUser(UserGroupInformation.java:647)
	at org.apache.hadoop.fs.FileSystem$Cache$Key.<init>(FileSystem.java:2755)
	at org.apache.hadoop.fs.FileSystem$Cache$Key.<init>(FileSystem.java:2747)
	at org.apache.hadoop.fs.FileSystem$Cache.get(FileSystem.java:2613)
	at org.apache.hadoop.fs.FileSystem.get(FileSystem.java:370)
	at com.demo.util.FileUtil.getFileSystem(FileUtil.java:14)
	at com.demo.pinterest.io.impl.SequenceFileReaderWriterFactory$SequenceFileWriter.<init>(SequenceFileReaderWriterFactory.java:74)
	at com.demo.pinterest.io.impl.SequenceFileReaderWriterFactory.buildFileWriter(SequenceFileReaderWriterFactory.java:32)
	at com.demo.pinterest.io.impl.SequenceFileReaderWriterFactoryTest.testSequenceFileReadRouteTrip(SequenceFileReaderWriterFactoryTest.java:31)
	at sun.reflect.NativeMethodAccessorImpl.invoke0(Native Method)
	at sun.reflect.NativeMethodAccessorImpl.invoke(NativeMethodAccessorImpl.java:62)
	at sun.reflect.DelegatingMethodAccessorImpl.invoke(DelegatingMethodAccessorImpl.java:43)
	at java.lang.reflect.Method.invoke(Method.java:498)
	at junit.framework.TestCase.runTest(TestCase.java:176)
	at junit.framework.TestCase.runBare(TestCase.java:141)
	at junit.framework.TestResult$1.protect(TestResult.java:122)
	at junit.framework.TestResult.runProtected(TestResult.java:142)
	at junit.framework.TestResult.run(TestResult.java:125)
	at junit.framework.TestCase.run(TestCase.java:129)
	at junit.framework.TestSuite.runTest(TestSuite.java:252)
	at junit.framework.TestSuite.run(TestSuite.java:247)
	at org.junit.internal.runners.JUnit38ClassRunner.run(JUnit38ClassRunner.java:86)
	at org.junit.runner.JUnitCore.run(JUnitCore.java:137)
	at com.intellij.junit4.JUnit4IdeaTestRunner.startRunnerWithArgs(JUnit4IdeaTestRunner.java:68)
	at com.intellij.rt.execution.junit.IdeaTestRunner$Repeater.startRunnerWithArgs(IdeaTestRunner.java:47)
	at com.intellij.rt.execution.junit.JUnitStarter.prepareStreamsAndStart(JUnitStarter.java:242)
	at com.intellij.rt.execution.junit.JUnitStarter.main(JUnitStarter.java:70)
2019-11-01 10:35:47,623 [main] ERROR [org.apache.hadoop.util.Shell] Shell.java:396 - Failed to locate the winutils binary in the hadoop binary path
java.io.IOException: Could not locate executable null\bin\winutils.exe in the Hadoop binaries.
	at org.apache.hadoop.util.Shell.getQualifiedBinPath(Shell.java:378)
	at org.apache.hadoop.util.Shell.getWinUtilsPath(Shell.java:393)
	at org.apache.hadoop.util.Shell.<clinit>(Shell.java:386)
	at org.apache.hadoop.util.StringUtils.<clinit>(StringUtils.java:79)
	at org.apache.hadoop.security.Groups.parseStaticMapping(Groups.java:116)
	at org.apache.hadoop.security.Groups.<init>(Groups.java:93)
	at org.apache.hadoop.security.Groups.<init>(Groups.java:73)
	at org.apache.hadoop.security.Groups.getUserToGroupsMappingService(Groups.java:293)
	at org.apache.hadoop.security.UserGroupInformation.initialize(UserGroupInformation.java:283)
	at org.apache.hadoop.security.UserGroupInformation.ensureInitialized(UserGroupInformation.java:260)
	at org.apache.hadoop.security.UserGroupInformation.loginUserFromSubject(UserGroupInformation.java:789)
	at org.apache.hadoop.security.UserGroupInformation.getLoginUser(UserGroupInformation.java:774)
	at org.apache.hadoop.security.UserGroupInformation.getCurrentUser(UserGroupInformation.java:647)
	at org.apache.hadoop.fs.FileSystem$Cache$Key.<init>(FileSystem.java:2755)
	at org.apache.hadoop.fs.FileSystem$Cache$Key.<init>(FileSystem.java:2747)
	at org.apache.hadoop.fs.FileSystem$Cache.get(FileSystem.java:2613)
	at org.apache.hadoop.fs.FileSystem.get(FileSystem.java:370)
	at com.demo.util.FileUtil.getFileSystem(FileUtil.java:14)
	at com.demo.pinterest.io.impl.SequenceFileReaderWriterFactory$SequenceFileWriter.<init>(SequenceFileReaderWriterFactory.java:74)
	at com.demo.pinterest.io.impl.SequenceFileReaderWriterFactory.buildFileWriter(SequenceFileReaderWriterFactory.java:32)
	at com.demo.pinterest.io.impl.SequenceFileReaderWriterFactoryTest.testSequenceFileReadRouteTrip(SequenceFileReaderWriterFactoryTest.java:31)
	at sun.reflect.NativeMethodAccessorImpl.invoke0(Native Method)
	at sun.reflect.NativeMethodAccessorImpl.invoke(NativeMethodAccessorImpl.java:62)
	at sun.reflect.DelegatingMethodAccessorImpl.invoke(DelegatingMethodAccessorImpl.java:43)
	at java.lang.reflect.Method.invoke(Method.java:498)
	at junit.framework.TestCase.runTest(TestCase.java:176)
	at junit.framework.TestCase.runBare(TestCase.java:141)
	at junit.framework.TestResult$1.protect(TestResult.java:122)
	at junit.framework.TestResult.runProtected(TestResult.java:142)
	at junit.framework.TestResult.run(TestResult.java:125)
	at junit.framework.TestCase.run(TestCase.java:129)
	at junit.framework.TestSuite.runTest(TestSuite.java:252)
	at junit.framework.TestSuite.run(TestSuite.java:247)
	at org.junit.internal.runners.JUnit38ClassRunner.run(JUnit38ClassRunner.java:86)
	at org.junit.runner.JUnitCore.run(JUnitCore.java:137)
	at com.intellij.junit4.JUnit4IdeaTestRunner.startRunnerWithArgs(JUnit4IdeaTestRunner.java:68)
	at com.intellij.rt.execution.junit.IdeaTestRunner$Repeater.startRunnerWithArgs(IdeaTestRunner.java:47)
	at com.intellij.rt.execution.junit.JUnitStarter.prepareStreamsAndStart(JUnitStarter.java:242)
	at com.intellij.rt.execution.junit.JUnitStarter.main(JUnitStarter.java:70)
2019-11-01 10:43:31,001 [main] ERROR [org.apache.hadoop.util.Shell] Shell.java:396 - Failed to locate the winutils binary in the hadoop binary path
java.io.IOException: Could not locate executable null\bin\winutils.exe in the Hadoop binaries.
	at org.apache.hadoop.util.Shell.getQualifiedBinPath(Shell.java:378)
	at org.apache.hadoop.util.Shell.getWinUtilsPath(Shell.java:393)
	at org.apache.hadoop.util.Shell.<clinit>(Shell.java:386)
	at org.apache.hadoop.util.StringUtils.<clinit>(StringUtils.java:79)
	at org.apache.hadoop.security.Groups.parseStaticMapping(Groups.java:116)
	at org.apache.hadoop.security.Groups.<init>(Groups.java:93)
	at org.apache.hadoop.security.Groups.<init>(Groups.java:73)
	at org.apache.hadoop.security.Groups.getUserToGroupsMappingService(Groups.java:293)
	at org.apache.hadoop.security.UserGroupInformation.initialize(UserGroupInformation.java:283)
	at org.apache.hadoop.security.UserGroupInformation.ensureInitialized(UserGroupInformation.java:260)
	at org.apache.hadoop.security.UserGroupInformation.loginUserFromSubject(UserGroupInformation.java:789)
	at org.apache.hadoop.security.UserGroupInformation.getLoginUser(UserGroupInformation.java:774)
	at org.apache.hadoop.security.UserGroupInformation.getCurrentUser(UserGroupInformation.java:647)
	at org.apache.hadoop.fs.FileSystem$Cache$Key.<init>(FileSystem.java:2755)
	at org.apache.hadoop.fs.FileSystem$Cache$Key.<init>(FileSystem.java:2747)
	at org.apache.hadoop.fs.FileSystem$Cache.get(FileSystem.java:2613)
	at org.apache.hadoop.fs.FileSystem.get(FileSystem.java:370)
	at com.demo.util.FileUtil.getFileSystem(FileUtil.java:14)
	at com.demo.pinterest.io.impl.SequenceFileReaderWriterFactory$SequenceFileWriter.<init>(SequenceFileReaderWriterFactory.java:74)
	at com.demo.pinterest.io.impl.SequenceFileReaderWriterFactory.buildFileWriter(SequenceFileReaderWriterFactory.java:32)
	at com.demo.pinterest.io.impl.SequenceFileReaderWriterFactoryTest.testSequenceFileReadRouteTrip(SequenceFileReaderWriterFactoryTest.java:31)
	at sun.reflect.NativeMethodAccessorImpl.invoke0(Native Method)
	at sun.reflect.NativeMethodAccessorImpl.invoke(NativeMethodAccessorImpl.java:62)
	at sun.reflect.DelegatingMethodAccessorImpl.invoke(DelegatingMethodAccessorImpl.java:43)
	at java.lang.reflect.Method.invoke(Method.java:498)
	at junit.framework.TestCase.runTest(TestCase.java:176)
	at junit.framework.TestCase.runBare(TestCase.java:141)
	at junit.framework.TestResult$1.protect(TestResult.java:122)
	at junit.framework.TestResult.runProtected(TestResult.java:142)
	at junit.framework.TestResult.run(TestResult.java:125)
	at junit.framework.TestCase.run(TestCase.java:129)
	at junit.framework.TestSuite.runTest(TestSuite.java:252)
	at junit.framework.TestSuite.run(TestSuite.java:247)
	at org.junit.internal.runners.JUnit38ClassRunner.run(JUnit38ClassRunner.java:86)
	at org.junit.runner.JUnitCore.run(JUnitCore.java:137)
	at com.intellij.junit4.JUnit4IdeaTestRunner.startRunnerWithArgs(JUnit4IdeaTestRunner.java:68)
	at com.intellij.rt.execution.junit.IdeaTestRunner$Repeater.startRunnerWithArgs(IdeaTestRunner.java:47)
	at com.intellij.rt.execution.junit.JUnitStarter.prepareStreamsAndStart(JUnitStarter.java:242)
	at com.intellij.rt.execution.junit.JUnitStarter.main(JUnitStarter.java:70)
2019-11-01 10:45:58,164 [main] ERROR [org.apache.hadoop.util.Shell] Shell.java:396 - Failed to locate the winutils binary in the hadoop binary path
java.io.IOException: Could not locate executable null\bin\winutils.exe in the Hadoop binaries.
	at org.apache.hadoop.util.Shell.getQualifiedBinPath(Shell.java:378)
	at org.apache.hadoop.util.Shell.getWinUtilsPath(Shell.java:393)
	at org.apache.hadoop.util.Shell.<clinit>(Shell.java:386)
	at org.apache.hadoop.util.StringUtils.<clinit>(StringUtils.java:79)
	at org.apache.hadoop.security.Groups.parseStaticMapping(Groups.java:116)
	at org.apache.hadoop.security.Groups.<init>(Groups.java:93)
	at org.apache.hadoop.security.Groups.<init>(Groups.java:73)
	at org.apache.hadoop.security.Groups.getUserToGroupsMappingService(Groups.java:293)
	at org.apache.hadoop.security.UserGroupInformation.initialize(UserGroupInformation.java:283)
	at org.apache.hadoop.security.UserGroupInformation.ensureInitialized(UserGroupInformation.java:260)
	at org.apache.hadoop.security.UserGroupInformation.loginUserFromSubject(UserGroupInformation.java:789)
	at org.apache.hadoop.security.UserGroupInformation.getLoginUser(UserGroupInformation.java:774)
	at org.apache.hadoop.security.UserGroupInformation.getCurrentUser(UserGroupInformation.java:647)
	at org.apache.hadoop.fs.FileSystem$Cache$Key.<init>(FileSystem.java:2755)
	at org.apache.hadoop.fs.FileSystem$Cache$Key.<init>(FileSystem.java:2747)
	at org.apache.hadoop.fs.FileSystem$Cache.get(FileSystem.java:2613)
	at org.apache.hadoop.fs.FileSystem.get(FileSystem.java:370)
	at com.demo.util.FileUtil.getFileSystem(FileUtil.java:14)
	at com.demo.pinterest.io.impl.SequenceFileReaderWriterFactory$SequenceFileWriter.<init>(SequenceFileReaderWriterFactory.java:74)
	at com.demo.pinterest.io.impl.SequenceFileReaderWriterFactory.buildFileWriter(SequenceFileReaderWriterFactory.java:32)
	at com.demo.pinterest.io.impl.SequenceFileReaderWriterFactoryTest.testSequenceFileReadRouteTrip(SequenceFileReaderWriterFactoryTest.java:31)
	at sun.reflect.NativeMethodAccessorImpl.invoke0(Native Method)
	at sun.reflect.NativeMethodAccessorImpl.invoke(NativeMethodAccessorImpl.java:62)
	at sun.reflect.DelegatingMethodAccessorImpl.invoke(DelegatingMethodAccessorImpl.java:43)
	at java.lang.reflect.Method.invoke(Method.java:498)
	at junit.framework.TestCase.runTest(TestCase.java:176)
	at junit.framework.TestCase.runBare(TestCase.java:141)
	at junit.framework.TestResult$1.protect(TestResult.java:122)
	at junit.framework.TestResult.runProtected(TestResult.java:142)
	at junit.framework.TestResult.run(TestResult.java:125)
	at junit.framework.TestCase.run(TestCase.java:129)
	at junit.framework.TestSuite.runTest(TestSuite.java:252)
	at junit.framework.TestSuite.run(TestSuite.java:247)
	at org.junit.internal.runners.JUnit38ClassRunner.run(JUnit38ClassRunner.java:86)
	at org.junit.runner.JUnitCore.run(JUnitCore.java:137)
	at com.intellij.junit4.JUnit4IdeaTestRunner.startRunnerWithArgs(JUnit4IdeaTestRunner.java:68)
	at com.intellij.rt.execution.junit.IdeaTestRunner$Repeater.startRunnerWithArgs(IdeaTestRunner.java:47)
	at com.intellij.rt.execution.junit.JUnitStarter.prepareStreamsAndStart(JUnitStarter.java:242)
	at com.intellij.rt.execution.junit.JUnitStarter.main(JUnitStarter.java:70)
2019-11-01 10:46:26,833 [main] ERROR [org.apache.hadoop.util.Shell] Shell.java:396 - Failed to locate the winutils binary in the hadoop binary path
java.io.IOException: Could not locate executable null\bin\winutils.exe in the Hadoop binaries.
	at org.apache.hadoop.util.Shell.getQualifiedBinPath(Shell.java:378)
	at org.apache.hadoop.util.Shell.getWinUtilsPath(Shell.java:393)
	at org.apache.hadoop.util.Shell.<clinit>(Shell.java:386)
	at org.apache.hadoop.util.StringUtils.<clinit>(StringUtils.java:79)
	at org.apache.hadoop.security.Groups.parseStaticMapping(Groups.java:116)
	at org.apache.hadoop.security.Groups.<init>(Groups.java:93)
	at org.apache.hadoop.security.Groups.<init>(Groups.java:73)
	at org.apache.hadoop.security.Groups.getUserToGroupsMappingService(Groups.java:293)
	at org.apache.hadoop.security.UserGroupInformation.initialize(UserGroupInformation.java:283)
	at org.apache.hadoop.security.UserGroupInformation.ensureInitialized(UserGroupInformation.java:260)
	at org.apache.hadoop.security.UserGroupInformation.loginUserFromSubject(UserGroupInformation.java:789)
	at org.apache.hadoop.security.UserGroupInformation.getLoginUser(UserGroupInformation.java:774)
	at org.apache.hadoop.security.UserGroupInformation.getCurrentUser(UserGroupInformation.java:647)
	at org.apache.hadoop.fs.FileSystem$Cache$Key.<init>(FileSystem.java:2755)
	at org.apache.hadoop.fs.FileSystem$Cache$Key.<init>(FileSystem.java:2747)
	at org.apache.hadoop.fs.FileSystem$Cache.get(FileSystem.java:2613)
	at org.apache.hadoop.fs.FileSystem.get(FileSystem.java:370)
	at com.demo.util.FileUtil.getFileSystem(FileUtil.java:14)
	at com.demo.pinterest.io.impl.SequenceFileReaderWriterFactory$SequenceFileWriter.<init>(SequenceFileReaderWriterFactory.java:74)
	at com.demo.pinterest.io.impl.SequenceFileReaderWriterFactory.buildFileWriter(SequenceFileReaderWriterFactory.java:32)
	at com.demo.pinterest.io.impl.SequenceFileReaderWriterFactoryTest.testSequenceFileReadRouteTrip(SequenceFileReaderWriterFactoryTest.java:31)
	at sun.reflect.NativeMethodAccessorImpl.invoke0(Native Method)
	at sun.reflect.NativeMethodAccessorImpl.invoke(NativeMethodAccessorImpl.java:62)
	at sun.reflect.DelegatingMethodAccessorImpl.invoke(DelegatingMethodAccessorImpl.java:43)
	at java.lang.reflect.Method.invoke(Method.java:498)
	at junit.framework.TestCase.runTest(TestCase.java:176)
	at junit.framework.TestCase.runBare(TestCase.java:141)
	at junit.framework.TestResult$1.protect(TestResult.java:122)
	at junit.framework.TestResult.runProtected(TestResult.java:142)
	at junit.framework.TestResult.run(TestResult.java:125)
	at junit.framework.TestCase.run(TestCase.java:129)
	at junit.framework.TestSuite.runTest(TestSuite.java:252)
	at junit.framework.TestSuite.run(TestSuite.java:247)
	at org.junit.internal.runners.JUnit38ClassRunner.run(JUnit38ClassRunner.java:86)
	at org.junit.runner.JUnitCore.run(JUnitCore.java:137)
	at com.intellij.junit4.JUnit4IdeaTestRunner.startRunnerWithArgs(JUnit4IdeaTestRunner.java:68)
	at com.intellij.rt.execution.junit.IdeaTestRunner$Repeater.startRunnerWithArgs(IdeaTestRunner.java:47)
	at com.intellij.rt.execution.junit.JUnitStarter.prepareStreamsAndStart(JUnitStarter.java:242)
	at com.intellij.rt.execution.junit.JUnitStarter.main(JUnitStarter.java:70)
2019-11-01 11:03:21,734 [main] ERROR [org.apache.hadoop.util.Shell] Shell.java:396 - Failed to locate the winutils binary in the hadoop binary path
java.io.IOException: Could not locate executable null\bin\winutils.exe in the Hadoop binaries.
	at org.apache.hadoop.util.Shell.getQualifiedBinPath(Shell.java:378)
	at org.apache.hadoop.util.Shell.getWinUtilsPath(Shell.java:393)
	at org.apache.hadoop.util.Shell.<clinit>(Shell.java:386)
	at org.apache.hadoop.util.StringUtils.<clinit>(StringUtils.java:79)
	at org.apache.hadoop.security.Groups.parseStaticMapping(Groups.java:116)
	at org.apache.hadoop.security.Groups.<init>(Groups.java:93)
	at org.apache.hadoop.security.Groups.<init>(Groups.java:73)
	at org.apache.hadoop.security.Groups.getUserToGroupsMappingService(Groups.java:293)
	at org.apache.hadoop.security.UserGroupInformation.initialize(UserGroupInformation.java:283)
	at org.apache.hadoop.security.UserGroupInformation.ensureInitialized(UserGroupInformation.java:260)
	at org.apache.hadoop.security.UserGroupInformation.loginUserFromSubject(UserGroupInformation.java:789)
	at org.apache.hadoop.security.UserGroupInformation.getLoginUser(UserGroupInformation.java:774)
	at org.apache.hadoop.security.UserGroupInformation.getCurrentUser(UserGroupInformation.java:647)
	at org.apache.hadoop.fs.FileSystem$Cache$Key.<init>(FileSystem.java:2755)
	at org.apache.hadoop.fs.FileSystem$Cache$Key.<init>(FileSystem.java:2747)
	at org.apache.hadoop.fs.FileSystem$Cache.get(FileSystem.java:2613)
	at org.apache.hadoop.fs.FileSystem.get(FileSystem.java:370)
	at com.demo.util.FileUtil.getFileSystem(FileUtil.java:14)
	at com.demo.pinterest.io.impl.SequenceFileReaderWriterFactory$SequenceFileWriter.<init>(SequenceFileReaderWriterFactory.java:74)
	at com.demo.pinterest.io.impl.SequenceFileReaderWriterFactory.buildFileWriter(SequenceFileReaderWriterFactory.java:32)
	at com.demo.pinterest.io.impl.SequenceFileReaderWriterFactoryTest.testSequenceFileReadRouteTrip(SequenceFileReaderWriterFactoryTest.java:28)
	at sun.reflect.NativeMethodAccessorImpl.invoke0(Native Method)
	at sun.reflect.NativeMethodAccessorImpl.invoke(NativeMethodAccessorImpl.java:62)
	at sun.reflect.DelegatingMethodAccessorImpl.invoke(DelegatingMethodAccessorImpl.java:43)
	at java.lang.reflect.Method.invoke(Method.java:498)
	at junit.framework.TestCase.runTest(TestCase.java:176)
	at junit.framework.TestCase.runBare(TestCase.java:141)
	at junit.framework.TestResult$1.protect(TestResult.java:122)
	at junit.framework.TestResult.runProtected(TestResult.java:142)
	at junit.framework.TestResult.run(TestResult.java:125)
	at junit.framework.TestCase.run(TestCase.java:129)
	at junit.framework.TestSuite.runTest(TestSuite.java:252)
	at junit.framework.TestSuite.run(TestSuite.java:247)
	at org.junit.internal.runners.JUnit38ClassRunner.run(JUnit38ClassRunner.java:86)
	at org.junit.runner.JUnitCore.run(JUnitCore.java:137)
	at com.intellij.junit4.JUnit4IdeaTestRunner.startRunnerWithArgs(JUnit4IdeaTestRunner.java:68)
	at com.intellij.rt.execution.junit.IdeaTestRunner$Repeater.startRunnerWithArgs(IdeaTestRunner.java:47)
	at com.intellij.rt.execution.junit.JUnitStarter.prepareStreamsAndStart(JUnitStarter.java:242)
	at com.intellij.rt.execution.junit.JUnitStarter.main(JUnitStarter.java:70)
2019-11-01 11:41:39,457 [main] ERROR [org.apache.hadoop.util.Shell] Shell.java:396 - Failed to locate the winutils binary in the hadoop binary path
java.io.IOException: Could not locate executable null\bin\winutils.exe in the Hadoop binaries.
	at org.apache.hadoop.util.Shell.getQualifiedBinPath(Shell.java:378)
	at org.apache.hadoop.util.Shell.getWinUtilsPath(Shell.java:393)
	at org.apache.hadoop.util.Shell.<clinit>(Shell.java:386)
	at org.apache.hadoop.util.StringUtils.<clinit>(StringUtils.java:79)
	at org.apache.hadoop.security.Groups.parseStaticMapping(Groups.java:116)
	at org.apache.hadoop.security.Groups.<init>(Groups.java:93)
	at org.apache.hadoop.security.Groups.<init>(Groups.java:73)
	at org.apache.hadoop.security.Groups.getUserToGroupsMappingService(Groups.java:293)
	at org.apache.hadoop.security.UserGroupInformation.initialize(UserGroupInformation.java:283)
	at org.apache.hadoop.security.UserGroupInformation.ensureInitialized(UserGroupInformation.java:260)
	at org.apache.hadoop.security.UserGroupInformation.loginUserFromSubject(UserGroupInformation.java:789)
	at org.apache.hadoop.security.UserGroupInformation.getLoginUser(UserGroupInformation.java:774)
	at org.apache.hadoop.security.UserGroupInformation.getCurrentUser(UserGroupInformation.java:647)
	at org.apache.hadoop.fs.FileSystem$Cache$Key.<init>(FileSystem.java:2755)
	at org.apache.hadoop.fs.FileSystem$Cache$Key.<init>(FileSystem.java:2747)
	at org.apache.hadoop.fs.FileSystem$Cache.get(FileSystem.java:2613)
	at org.apache.hadoop.fs.FileSystem.get(FileSystem.java:370)
	at com.demo.util.FileUtil.getFileSystem(FileUtil.java:14)
	at com.demo.pinterest.io.impl.SequenceFileReaderWriterFactory$SequenceFileWriter.<init>(SequenceFileReaderWriterFactory.java:74)
	at com.demo.pinterest.io.impl.SequenceFileReaderWriterFactory.buildFileWriter(SequenceFileReaderWriterFactory.java:32)
	at com.demo.pinterest.io.impl.SequenceFileReaderWriterFactoryTest.testSequenceFileReadRouteTrip(SequenceFileReaderWriterFactoryTest.java:28)
	at sun.reflect.NativeMethodAccessorImpl.invoke0(Native Method)
	at sun.reflect.NativeMethodAccessorImpl.invoke(NativeMethodAccessorImpl.java:62)
	at sun.reflect.DelegatingMethodAccessorImpl.invoke(DelegatingMethodAccessorImpl.java:43)
	at java.lang.reflect.Method.invoke(Method.java:498)
	at junit.framework.TestCase.runTest(TestCase.java:176)
	at junit.framework.TestCase.runBare(TestCase.java:141)
	at junit.framework.TestResult$1.protect(TestResult.java:122)
	at junit.framework.TestResult.runProtected(TestResult.java:142)
	at junit.framework.TestResult.run(TestResult.java:125)
	at junit.framework.TestCase.run(TestCase.java:129)
	at junit.framework.TestSuite.runTest(TestSuite.java:252)
	at junit.framework.TestSuite.run(TestSuite.java:247)
	at org.junit.internal.runners.JUnit38ClassRunner.run(JUnit38ClassRunner.java:86)
	at org.junit.runner.JUnitCore.run(JUnitCore.java:137)
	at com.intellij.junit4.JUnit4IdeaTestRunner.startRunnerWithArgs(JUnit4IdeaTestRunner.java:68)
	at com.intellij.rt.execution.junit.IdeaTestRunner$Repeater.startRunnerWithArgs(IdeaTestRunner.java:47)
	at com.intellij.rt.execution.junit.JUnitStarter.prepareStreamsAndStart(JUnitStarter.java:242)
	at com.intellij.rt.execution.junit.JUnitStarter.main(JUnitStarter.java:70)
