2019-11-06 16:12:12,635 [kafka-produce-pool-2] INFO  [org.apache.kafka.clients.producer.ProducerConfig] AbstractConfig.java:279 - ProducerConfig values: 
	acks = 1
	batch.size = 16384
	bootstrap.servers = [localhost:9092]
	buffer.memory = 33554432
	client.id = 
	compression.type = none
	connections.max.idle.ms = 540000
	enable.idempotence = false
	interceptor.classes = []
	key.serializer = class org.apache.kafka.common.serialization.StringSerializer
	linger.ms = 0
	max.block.ms = 60000
	max.in.flight.requests.per.connection = 5
	max.request.size = 1048576
	metadata.max.age.ms = 300000
	metric.reporters = []
	metrics.num.samples = 2
	metrics.recording.level = INFO
	metrics.sample.window.ms = 30000
	partitioner.class = class org.apache.kafka.clients.producer.internals.DefaultPartitioner
	receive.buffer.bytes = 32768
	reconnect.backoff.max.ms = 1000
	reconnect.backoff.ms = 50
	request.timeout.ms = 30000
	retries = 0
	retry.backoff.ms = 100
	sasl.client.callback.handler.class = null
	sasl.jaas.config = null
	sasl.kerberos.kinit.cmd = /usr/bin/kinit
	sasl.kerberos.min.time.before.relogin = 60000
	sasl.kerberos.service.name = null
	sasl.kerberos.ticket.renew.jitter = 0.05
	sasl.kerberos.ticket.renew.window.factor = 0.8
	sasl.login.callback.handler.class = null
	sasl.login.class = null
	sasl.login.refresh.buffer.seconds = 300
	sasl.login.refresh.min.period.seconds = 60
	sasl.login.refresh.window.factor = 0.8
	sasl.login.refresh.window.jitter = 0.05
	sasl.mechanism = GSSAPI
	security.protocol = PLAINTEXT
	send.buffer.bytes = 131072
	ssl.cipher.suites = null
	ssl.enabled.protocols = [TLSv1.2, TLSv1.1, TLSv1]
	ssl.endpoint.identification.algorithm = https
	ssl.key.password = null
	ssl.keymanager.algorithm = SunX509
	ssl.keystore.location = null
	ssl.keystore.password = null
	ssl.keystore.type = JKS
	ssl.protocol = TLS
	ssl.provider = null
	ssl.secure.random.implementation = null
	ssl.trustmanager.algorithm = PKIX
	ssl.truststore.location = null
	ssl.truststore.password = null
	ssl.truststore.type = JKS
	transaction.timeout.ms = 60000
	transactional.id = null
	value.serializer = class learn.flow.kafka.serializer.JsonSerializer

2019-11-06 16:12:12,635 [kafka-produce-pool-1] INFO  [org.apache.kafka.clients.producer.ProducerConfig] AbstractConfig.java:279 - ProducerConfig values: 
	acks = 1
	batch.size = 16384
	bootstrap.servers = [localhost:9092]
	buffer.memory = 33554432
	client.id = 
	compression.type = none
	connections.max.idle.ms = 540000
	enable.idempotence = false
	interceptor.classes = []
	key.serializer = class org.apache.kafka.common.serialization.StringSerializer
	linger.ms = 0
	max.block.ms = 60000
	max.in.flight.requests.per.connection = 5
	max.request.size = 1048576
	metadata.max.age.ms = 300000
	metric.reporters = []
	metrics.num.samples = 2
	metrics.recording.level = INFO
	metrics.sample.window.ms = 30000
	partitioner.class = class org.apache.kafka.clients.producer.internals.DefaultPartitioner
	receive.buffer.bytes = 32768
	reconnect.backoff.max.ms = 1000
	reconnect.backoff.ms = 50
	request.timeout.ms = 30000
	retries = 0
	retry.backoff.ms = 100
	sasl.client.callback.handler.class = null
	sasl.jaas.config = null
	sasl.kerberos.kinit.cmd = /usr/bin/kinit
	sasl.kerberos.min.time.before.relogin = 60000
	sasl.kerberos.service.name = null
	sasl.kerberos.ticket.renew.jitter = 0.05
	sasl.kerberos.ticket.renew.window.factor = 0.8
	sasl.login.callback.handler.class = null
	sasl.login.class = null
	sasl.login.refresh.buffer.seconds = 300
	sasl.login.refresh.min.period.seconds = 60
	sasl.login.refresh.window.factor = 0.8
	sasl.login.refresh.window.jitter = 0.05
	sasl.mechanism = GSSAPI
	security.protocol = PLAINTEXT
	send.buffer.bytes = 131072
	ssl.cipher.suites = null
	ssl.enabled.protocols = [TLSv1.2, TLSv1.1, TLSv1]
	ssl.endpoint.identification.algorithm = https
	ssl.key.password = null
	ssl.keymanager.algorithm = SunX509
	ssl.keystore.location = null
	ssl.keystore.password = null
	ssl.keystore.type = JKS
	ssl.protocol = TLS
	ssl.provider = null
	ssl.secure.random.implementation = null
	ssl.trustmanager.algorithm = PKIX
	ssl.truststore.location = null
	ssl.truststore.password = null
	ssl.truststore.type = JKS
	transaction.timeout.ms = 60000
	transactional.id = null
	value.serializer = class learn.flow.kafka.serializer.JsonSerializer

2019-11-06 16:12:12,635 [kafka-produce-pool-0] INFO  [org.apache.kafka.clients.producer.ProducerConfig] AbstractConfig.java:279 - ProducerConfig values: 
	acks = 1
	batch.size = 16384
	bootstrap.servers = [localhost:9092]
	buffer.memory = 33554432
	client.id = 
	compression.type = none
	connections.max.idle.ms = 540000
	enable.idempotence = false
	interceptor.classes = []
	key.serializer = class org.apache.kafka.common.serialization.StringSerializer
	linger.ms = 0
	max.block.ms = 60000
	max.in.flight.requests.per.connection = 5
	max.request.size = 1048576
	metadata.max.age.ms = 300000
	metric.reporters = []
	metrics.num.samples = 2
	metrics.recording.level = INFO
	metrics.sample.window.ms = 30000
	partitioner.class = class org.apache.kafka.clients.producer.internals.DefaultPartitioner
	receive.buffer.bytes = 32768
	reconnect.backoff.max.ms = 1000
	reconnect.backoff.ms = 50
	request.timeout.ms = 30000
	retries = 0
	retry.backoff.ms = 100
	sasl.client.callback.handler.class = null
	sasl.jaas.config = null
	sasl.kerberos.kinit.cmd = /usr/bin/kinit
	sasl.kerberos.min.time.before.relogin = 60000
	sasl.kerberos.service.name = null
	sasl.kerberos.ticket.renew.jitter = 0.05
	sasl.kerberos.ticket.renew.window.factor = 0.8
	sasl.login.callback.handler.class = null
	sasl.login.class = null
	sasl.login.refresh.buffer.seconds = 300
	sasl.login.refresh.min.period.seconds = 60
	sasl.login.refresh.window.factor = 0.8
	sasl.login.refresh.window.jitter = 0.05
	sasl.mechanism = GSSAPI
	security.protocol = PLAINTEXT
	send.buffer.bytes = 131072
	ssl.cipher.suites = null
	ssl.enabled.protocols = [TLSv1.2, TLSv1.1, TLSv1]
	ssl.endpoint.identification.algorithm = https
	ssl.key.password = null
	ssl.keymanager.algorithm = SunX509
	ssl.keystore.location = null
	ssl.keystore.password = null
	ssl.keystore.type = JKS
	ssl.protocol = TLS
	ssl.provider = null
	ssl.secure.random.implementation = null
	ssl.trustmanager.algorithm = PKIX
	ssl.truststore.location = null
	ssl.truststore.password = null
	ssl.truststore.type = JKS
	transaction.timeout.ms = 60000
	transactional.id = null
	value.serializer = class learn.flow.kafka.serializer.JsonSerializer

2019-11-06 16:12:13,867 [kafka-produce-pool-0] INFO  [org.apache.kafka.common.utils.AppInfoParser] AppInfoParser.java:109 - Kafka version : 2.0.1
2019-11-06 16:12:13,867 [kafka-produce-pool-0] INFO  [org.apache.kafka.common.utils.AppInfoParser] AppInfoParser.java:110 - Kafka commitId : fa14705e51bd2ce5
2019-11-06 16:12:13,867 [kafka-produce-pool-1] INFO  [org.apache.kafka.common.utils.AppInfoParser] AppInfoParser.java:109 - Kafka version : 2.0.1
2019-11-06 16:12:13,867 [kafka-produce-pool-1] INFO  [org.apache.kafka.common.utils.AppInfoParser] AppInfoParser.java:110 - Kafka commitId : fa14705e51bd2ce5
2019-11-06 16:12:13,867 [kafka-produce-pool-2] INFO  [org.apache.kafka.common.utils.AppInfoParser] AppInfoParser.java:109 - Kafka version : 2.0.1
2019-11-06 16:12:13,867 [kafka-produce-pool-2] INFO  [org.apache.kafka.common.utils.AppInfoParser] AppInfoParser.java:110 - Kafka commitId : fa14705e51bd2ce5
2019-11-06 16:12:16,007 [kafka-producer-network-thread | producer-3] WARN  [org.apache.kafka.clients.NetworkClient] NetworkClient.java:671 - [Producer clientId=producer-3] Connection to node -1 could not be established. Broker may not be available.
2019-11-06 16:12:16,007 [kafka-producer-network-thread | producer-2] WARN  [org.apache.kafka.clients.NetworkClient] NetworkClient.java:671 - [Producer clientId=producer-2] Connection to node -1 could not be established. Broker may not be available.
2019-11-06 16:12:16,007 [kafka-producer-network-thread | producer-1] WARN  [org.apache.kafka.clients.NetworkClient] NetworkClient.java:671 - [Producer clientId=producer-1] Connection to node -1 could not be established. Broker may not be available.
2019-11-06 16:12:18,352 [kafka-producer-network-thread | producer-2] WARN  [org.apache.kafka.clients.NetworkClient] NetworkClient.java:671 - [Producer clientId=producer-2] Connection to node -1 could not be established. Broker may not be available.
2019-11-06 16:12:18,352 [kafka-producer-network-thread | producer-3] WARN  [org.apache.kafka.clients.NetworkClient] NetworkClient.java:671 - [Producer clientId=producer-3] Connection to node -1 could not be established. Broker may not be available.
2019-11-06 16:12:18,352 [kafka-producer-network-thread | producer-1] WARN  [org.apache.kafka.clients.NetworkClient] NetworkClient.java:671 - [Producer clientId=producer-1] Connection to node -1 could not be established. Broker may not be available.
2019-11-06 16:12:20,805 [kafka-producer-network-thread | producer-2] WARN  [org.apache.kafka.clients.NetworkClient] NetworkClient.java:671 - [Producer clientId=producer-2] Connection to node -1 could not be established. Broker may not be available.
2019-11-06 16:12:20,805 [kafka-producer-network-thread | producer-1] WARN  [org.apache.kafka.clients.NetworkClient] NetworkClient.java:671 - [Producer clientId=producer-1] Connection to node -1 could not be established. Broker may not be available.
2019-11-06 16:12:20,805 [kafka-producer-network-thread | producer-3] WARN  [org.apache.kafka.clients.NetworkClient] NetworkClient.java:671 - [Producer clientId=producer-3] Connection to node -1 could not be established. Broker may not be available.
2019-11-06 16:12:26,614 [kafka-producer-network-thread | producer-2] WARN  [org.apache.kafka.clients.NetworkClient] NetworkClient.java:671 - [Producer clientId=producer-2] Connection to node -1 could not be established. Broker may not be available.
2019-11-06 16:12:26,614 [kafka-producer-network-thread | producer-1] WARN  [org.apache.kafka.clients.NetworkClient] NetworkClient.java:671 - [Producer clientId=producer-1] Connection to node -1 could not be established. Broker may not be available.
2019-11-06 16:12:26,614 [kafka-producer-network-thread | producer-3] WARN  [org.apache.kafka.clients.NetworkClient] NetworkClient.java:671 - [Producer clientId=producer-3] Connection to node -1 could not be established. Broker may not be available.
2019-11-06 16:13:53,336 [kafka-produce-pool-2] INFO  [org.apache.kafka.clients.producer.ProducerConfig] AbstractConfig.java:279 - ProducerConfig values: 
	acks = 1
	batch.size = 16384
	bootstrap.servers = [localhost:9092]
	buffer.memory = 33554432
	client.id = 
	compression.type = none
	connections.max.idle.ms = 540000
	enable.idempotence = false
	interceptor.classes = []
	key.serializer = class org.apache.kafka.common.serialization.StringSerializer
	linger.ms = 0
	max.block.ms = 60000
	max.in.flight.requests.per.connection = 5
	max.request.size = 1048576
	metadata.max.age.ms = 300000
	metric.reporters = []
	metrics.num.samples = 2
	metrics.recording.level = INFO
	metrics.sample.window.ms = 30000
	partitioner.class = class org.apache.kafka.clients.producer.internals.DefaultPartitioner
	receive.buffer.bytes = 32768
	reconnect.backoff.max.ms = 1000
	reconnect.backoff.ms = 50
	request.timeout.ms = 30000
	retries = 0
	retry.backoff.ms = 100
	sasl.client.callback.handler.class = null
	sasl.jaas.config = null
	sasl.kerberos.kinit.cmd = /usr/bin/kinit
	sasl.kerberos.min.time.before.relogin = 60000
	sasl.kerberos.service.name = null
	sasl.kerberos.ticket.renew.jitter = 0.05
	sasl.kerberos.ticket.renew.window.factor = 0.8
	sasl.login.callback.handler.class = null
	sasl.login.class = null
	sasl.login.refresh.buffer.seconds = 300
	sasl.login.refresh.min.period.seconds = 60
	sasl.login.refresh.window.factor = 0.8
	sasl.login.refresh.window.jitter = 0.05
	sasl.mechanism = GSSAPI
	security.protocol = PLAINTEXT
	send.buffer.bytes = 131072
	ssl.cipher.suites = null
	ssl.enabled.protocols = [TLSv1.2, TLSv1.1, TLSv1]
	ssl.endpoint.identification.algorithm = https
	ssl.key.password = null
	ssl.keymanager.algorithm = SunX509
	ssl.keystore.location = null
	ssl.keystore.password = null
	ssl.keystore.type = JKS
	ssl.protocol = TLS
	ssl.provider = null
	ssl.secure.random.implementation = null
	ssl.trustmanager.algorithm = PKIX
	ssl.truststore.location = null
	ssl.truststore.password = null
	ssl.truststore.type = JKS
	transaction.timeout.ms = 60000
	transactional.id = null
	value.serializer = class learn.flow.kafka.serializer.JsonSerializer

2019-11-06 16:13:53,336 [kafka-produce-pool-0] INFO  [org.apache.kafka.clients.producer.ProducerConfig] AbstractConfig.java:279 - ProducerConfig values: 
	acks = 1
	batch.size = 16384
	bootstrap.servers = [localhost:9092]
	buffer.memory = 33554432
	client.id = 
	compression.type = none
	connections.max.idle.ms = 540000
	enable.idempotence = false
	interceptor.classes = []
	key.serializer = class org.apache.kafka.common.serialization.StringSerializer
	linger.ms = 0
	max.block.ms = 60000
	max.in.flight.requests.per.connection = 5
	max.request.size = 1048576
	metadata.max.age.ms = 300000
	metric.reporters = []
	metrics.num.samples = 2
	metrics.recording.level = INFO
	metrics.sample.window.ms = 30000
	partitioner.class = class org.apache.kafka.clients.producer.internals.DefaultPartitioner
	receive.buffer.bytes = 32768
	reconnect.backoff.max.ms = 1000
	reconnect.backoff.ms = 50
	request.timeout.ms = 30000
	retries = 0
	retry.backoff.ms = 100
	sasl.client.callback.handler.class = null
	sasl.jaas.config = null
	sasl.kerberos.kinit.cmd = /usr/bin/kinit
	sasl.kerberos.min.time.before.relogin = 60000
	sasl.kerberos.service.name = null
	sasl.kerberos.ticket.renew.jitter = 0.05
	sasl.kerberos.ticket.renew.window.factor = 0.8
	sasl.login.callback.handler.class = null
	sasl.login.class = null
	sasl.login.refresh.buffer.seconds = 300
	sasl.login.refresh.min.period.seconds = 60
	sasl.login.refresh.window.factor = 0.8
	sasl.login.refresh.window.jitter = 0.05
	sasl.mechanism = GSSAPI
	security.protocol = PLAINTEXT
	send.buffer.bytes = 131072
	ssl.cipher.suites = null
	ssl.enabled.protocols = [TLSv1.2, TLSv1.1, TLSv1]
	ssl.endpoint.identification.algorithm = https
	ssl.key.password = null
	ssl.keymanager.algorithm = SunX509
	ssl.keystore.location = null
	ssl.keystore.password = null
	ssl.keystore.type = JKS
	ssl.protocol = TLS
	ssl.provider = null
	ssl.secure.random.implementation = null
	ssl.trustmanager.algorithm = PKIX
	ssl.truststore.location = null
	ssl.truststore.password = null
	ssl.truststore.type = JKS
	transaction.timeout.ms = 60000
	transactional.id = null
	value.serializer = class learn.flow.kafka.serializer.JsonSerializer

2019-11-06 16:13:53,336 [kafka-produce-pool-1] INFO  [org.apache.kafka.clients.producer.ProducerConfig] AbstractConfig.java:279 - ProducerConfig values: 
	acks = 1
	batch.size = 16384
	bootstrap.servers = [localhost:9092]
	buffer.memory = 33554432
	client.id = 
	compression.type = none
	connections.max.idle.ms = 540000
	enable.idempotence = false
	interceptor.classes = []
	key.serializer = class org.apache.kafka.common.serialization.StringSerializer
	linger.ms = 0
	max.block.ms = 60000
	max.in.flight.requests.per.connection = 5
	max.request.size = 1048576
	metadata.max.age.ms = 300000
	metric.reporters = []
	metrics.num.samples = 2
	metrics.recording.level = INFO
	metrics.sample.window.ms = 30000
	partitioner.class = class org.apache.kafka.clients.producer.internals.DefaultPartitioner
	receive.buffer.bytes = 32768
	reconnect.backoff.max.ms = 1000
	reconnect.backoff.ms = 50
	request.timeout.ms = 30000
	retries = 0
	retry.backoff.ms = 100
	sasl.client.callback.handler.class = null
	sasl.jaas.config = null
	sasl.kerberos.kinit.cmd = /usr/bin/kinit
	sasl.kerberos.min.time.before.relogin = 60000
	sasl.kerberos.service.name = null
	sasl.kerberos.ticket.renew.jitter = 0.05
	sasl.kerberos.ticket.renew.window.factor = 0.8
	sasl.login.callback.handler.class = null
	sasl.login.class = null
	sasl.login.refresh.buffer.seconds = 300
	sasl.login.refresh.min.period.seconds = 60
	sasl.login.refresh.window.factor = 0.8
	sasl.login.refresh.window.jitter = 0.05
	sasl.mechanism = GSSAPI
	security.protocol = PLAINTEXT
	send.buffer.bytes = 131072
	ssl.cipher.suites = null
	ssl.enabled.protocols = [TLSv1.2, TLSv1.1, TLSv1]
	ssl.endpoint.identification.algorithm = https
	ssl.key.password = null
	ssl.keymanager.algorithm = SunX509
	ssl.keystore.location = null
	ssl.keystore.password = null
	ssl.keystore.type = JKS
	ssl.protocol = TLS
	ssl.provider = null
	ssl.secure.random.implementation = null
	ssl.trustmanager.algorithm = PKIX
	ssl.truststore.location = null
	ssl.truststore.password = null
	ssl.truststore.type = JKS
	transaction.timeout.ms = 60000
	transactional.id = null
	value.serializer = class learn.flow.kafka.serializer.JsonSerializer

2019-11-06 16:13:57,929 [kafka-produce-pool-0] INFO  [org.apache.kafka.common.utils.AppInfoParser] AppInfoParser.java:109 - Kafka version : 2.0.1
2019-11-06 16:13:57,929 [kafka-produce-pool-0] INFO  [org.apache.kafka.common.utils.AppInfoParser] AppInfoParser.java:110 - Kafka commitId : fa14705e51bd2ce5
2019-11-06 16:13:57,929 [kafka-produce-pool-2] INFO  [org.apache.kafka.common.utils.AppInfoParser] AppInfoParser.java:109 - Kafka version : 2.0.1
2019-11-06 16:13:57,929 [kafka-produce-pool-2] INFO  [org.apache.kafka.common.utils.AppInfoParser] AppInfoParser.java:110 - Kafka commitId : fa14705e51bd2ce5
2019-11-06 16:13:57,929 [kafka-produce-pool-1] INFO  [org.apache.kafka.common.utils.AppInfoParser] AppInfoParser.java:109 - Kafka version : 2.0.1
2019-11-06 16:13:57,929 [kafka-produce-pool-1] INFO  [org.apache.kafka.common.utils.AppInfoParser] AppInfoParser.java:110 - Kafka commitId : fa14705e51bd2ce5
2019-11-06 16:14:02,804 [kafka-producer-network-thread | producer-2] WARN  [org.apache.kafka.clients.NetworkClient] NetworkClient.java:671 - [Producer clientId=producer-2] Connection to node -1 could not be established. Broker may not be available.
2019-11-06 16:14:02,804 [kafka-producer-network-thread | producer-1] WARN  [org.apache.kafka.clients.NetworkClient] NetworkClient.java:671 - [Producer clientId=producer-1] Connection to node -1 could not be established. Broker may not be available.
2019-11-06 16:14:02,804 [kafka-producer-network-thread | producer-3] WARN  [org.apache.kafka.clients.NetworkClient] NetworkClient.java:671 - [Producer clientId=producer-3] Connection to node -1 could not be established. Broker may not be available.
2019-11-06 16:14:31,145 [kafka-produce-pool-1] INFO  [org.apache.kafka.clients.producer.ProducerConfig] AbstractConfig.java:279 - ProducerConfig values: 
	acks = 1
	batch.size = 16384
	bootstrap.servers = [localhost:9099]
	buffer.memory = 33554432
	client.id = 
	compression.type = none
	connections.max.idle.ms = 540000
	enable.idempotence = false
	interceptor.classes = []
	key.serializer = class org.apache.kafka.common.serialization.StringSerializer
	linger.ms = 0
	max.block.ms = 60000
	max.in.flight.requests.per.connection = 5
	max.request.size = 1048576
	metadata.max.age.ms = 300000
	metric.reporters = []
	metrics.num.samples = 2
	metrics.recording.level = INFO
	metrics.sample.window.ms = 30000
	partitioner.class = class org.apache.kafka.clients.producer.internals.DefaultPartitioner
	receive.buffer.bytes = 32768
	reconnect.backoff.max.ms = 1000
	reconnect.backoff.ms = 50
	request.timeout.ms = 30000
	retries = 0
	retry.backoff.ms = 100
	sasl.client.callback.handler.class = null
	sasl.jaas.config = null
	sasl.kerberos.kinit.cmd = /usr/bin/kinit
	sasl.kerberos.min.time.before.relogin = 60000
	sasl.kerberos.service.name = null
	sasl.kerberos.ticket.renew.jitter = 0.05
	sasl.kerberos.ticket.renew.window.factor = 0.8
	sasl.login.callback.handler.class = null
	sasl.login.class = null
	sasl.login.refresh.buffer.seconds = 300
	sasl.login.refresh.min.period.seconds = 60
	sasl.login.refresh.window.factor = 0.8
	sasl.login.refresh.window.jitter = 0.05
	sasl.mechanism = GSSAPI
	security.protocol = PLAINTEXT
	send.buffer.bytes = 131072
	ssl.cipher.suites = null
	ssl.enabled.protocols = [TLSv1.2, TLSv1.1, TLSv1]
	ssl.endpoint.identification.algorithm = https
	ssl.key.password = null
	ssl.keymanager.algorithm = SunX509
	ssl.keystore.location = null
	ssl.keystore.password = null
	ssl.keystore.type = JKS
	ssl.protocol = TLS
	ssl.provider = null
	ssl.secure.random.implementation = null
	ssl.trustmanager.algorithm = PKIX
	ssl.truststore.location = null
	ssl.truststore.password = null
	ssl.truststore.type = JKS
	transaction.timeout.ms = 60000
	transactional.id = null
	value.serializer = class learn.flow.kafka.serializer.JsonSerializer

2019-11-06 16:14:31,145 [kafka-produce-pool-0] INFO  [org.apache.kafka.clients.producer.ProducerConfig] AbstractConfig.java:279 - ProducerConfig values: 
	acks = 1
	batch.size = 16384
	bootstrap.servers = [localhost:9099]
	buffer.memory = 33554432
	client.id = 
	compression.type = none
	connections.max.idle.ms = 540000
	enable.idempotence = false
	interceptor.classes = []
	key.serializer = class org.apache.kafka.common.serialization.StringSerializer
	linger.ms = 0
	max.block.ms = 60000
	max.in.flight.requests.per.connection = 5
	max.request.size = 1048576
	metadata.max.age.ms = 300000
	metric.reporters = []
	metrics.num.samples = 2
	metrics.recording.level = INFO
	metrics.sample.window.ms = 30000
	partitioner.class = class org.apache.kafka.clients.producer.internals.DefaultPartitioner
	receive.buffer.bytes = 32768
	reconnect.backoff.max.ms = 1000
	reconnect.backoff.ms = 50
	request.timeout.ms = 30000
	retries = 0
	retry.backoff.ms = 100
	sasl.client.callback.handler.class = null
	sasl.jaas.config = null
	sasl.kerberos.kinit.cmd = /usr/bin/kinit
	sasl.kerberos.min.time.before.relogin = 60000
	sasl.kerberos.service.name = null
	sasl.kerberos.ticket.renew.jitter = 0.05
	sasl.kerberos.ticket.renew.window.factor = 0.8
	sasl.login.callback.handler.class = null
	sasl.login.class = null
	sasl.login.refresh.buffer.seconds = 300
	sasl.login.refresh.min.period.seconds = 60
	sasl.login.refresh.window.factor = 0.8
	sasl.login.refresh.window.jitter = 0.05
	sasl.mechanism = GSSAPI
	security.protocol = PLAINTEXT
	send.buffer.bytes = 131072
	ssl.cipher.suites = null
	ssl.enabled.protocols = [TLSv1.2, TLSv1.1, TLSv1]
	ssl.endpoint.identification.algorithm = https
	ssl.key.password = null
	ssl.keymanager.algorithm = SunX509
	ssl.keystore.location = null
	ssl.keystore.password = null
	ssl.keystore.type = JKS
	ssl.protocol = TLS
	ssl.provider = null
	ssl.secure.random.implementation = null
	ssl.trustmanager.algorithm = PKIX
	ssl.truststore.location = null
	ssl.truststore.password = null
	ssl.truststore.type = JKS
	transaction.timeout.ms = 60000
	transactional.id = null
	value.serializer = class learn.flow.kafka.serializer.JsonSerializer

2019-11-06 16:14:31,145 [kafka-produce-pool-2] INFO  [org.apache.kafka.clients.producer.ProducerConfig] AbstractConfig.java:279 - ProducerConfig values: 
	acks = 1
	batch.size = 16384
	bootstrap.servers = [localhost:9099]
	buffer.memory = 33554432
	client.id = 
	compression.type = none
	connections.max.idle.ms = 540000
	enable.idempotence = false
	interceptor.classes = []
	key.serializer = class org.apache.kafka.common.serialization.StringSerializer
	linger.ms = 0
	max.block.ms = 60000
	max.in.flight.requests.per.connection = 5
	max.request.size = 1048576
	metadata.max.age.ms = 300000
	metric.reporters = []
	metrics.num.samples = 2
	metrics.recording.level = INFO
	metrics.sample.window.ms = 30000
	partitioner.class = class org.apache.kafka.clients.producer.internals.DefaultPartitioner
	receive.buffer.bytes = 32768
	reconnect.backoff.max.ms = 1000
	reconnect.backoff.ms = 50
	request.timeout.ms = 30000
	retries = 0
	retry.backoff.ms = 100
	sasl.client.callback.handler.class = null
	sasl.jaas.config = null
	sasl.kerberos.kinit.cmd = /usr/bin/kinit
	sasl.kerberos.min.time.before.relogin = 60000
	sasl.kerberos.service.name = null
	sasl.kerberos.ticket.renew.jitter = 0.05
	sasl.kerberos.ticket.renew.window.factor = 0.8
	sasl.login.callback.handler.class = null
	sasl.login.class = null
	sasl.login.refresh.buffer.seconds = 300
	sasl.login.refresh.min.period.seconds = 60
	sasl.login.refresh.window.factor = 0.8
	sasl.login.refresh.window.jitter = 0.05
	sasl.mechanism = GSSAPI
	security.protocol = PLAINTEXT
	send.buffer.bytes = 131072
	ssl.cipher.suites = null
	ssl.enabled.protocols = [TLSv1.2, TLSv1.1, TLSv1]
	ssl.endpoint.identification.algorithm = https
	ssl.key.password = null
	ssl.keymanager.algorithm = SunX509
	ssl.keystore.location = null
	ssl.keystore.password = null
	ssl.keystore.type = JKS
	ssl.protocol = TLS
	ssl.provider = null
	ssl.secure.random.implementation = null
	ssl.trustmanager.algorithm = PKIX
	ssl.truststore.location = null
	ssl.truststore.password = null
	ssl.truststore.type = JKS
	transaction.timeout.ms = 60000
	transactional.id = null
	value.serializer = class learn.flow.kafka.serializer.JsonSerializer

2019-11-06 16:14:33,638 [kafka-produce-pool-1] INFO  [org.apache.kafka.common.utils.AppInfoParser] AppInfoParser.java:109 - Kafka version : 2.0.1
2019-11-06 16:14:33,638 [kafka-produce-pool-1] INFO  [org.apache.kafka.common.utils.AppInfoParser] AppInfoParser.java:110 - Kafka commitId : fa14705e51bd2ce5
2019-11-06 16:14:33,638 [kafka-produce-pool-0] INFO  [org.apache.kafka.common.utils.AppInfoParser] AppInfoParser.java:109 - Kafka version : 2.0.1
2019-11-06 16:14:33,638 [kafka-produce-pool-0] INFO  [org.apache.kafka.common.utils.AppInfoParser] AppInfoParser.java:110 - Kafka commitId : fa14705e51bd2ce5
2019-11-06 16:14:33,638 [kafka-produce-pool-2] INFO  [org.apache.kafka.common.utils.AppInfoParser] AppInfoParser.java:109 - Kafka version : 2.0.1
2019-11-06 16:14:33,638 [kafka-produce-pool-2] INFO  [org.apache.kafka.common.utils.AppInfoParser] AppInfoParser.java:110 - Kafka commitId : fa14705e51bd2ce5
2019-11-06 16:14:35,887 [kafka-producer-network-thread | producer-3] WARN  [org.apache.kafka.clients.NetworkClient] NetworkClient.java:671 - [Producer clientId=producer-3] Connection to node -1 could not be established. Broker may not be available.
2019-11-06 16:14:35,887 [kafka-producer-network-thread | producer-2] WARN  [org.apache.kafka.clients.NetworkClient] NetworkClient.java:671 - [Producer clientId=producer-2] Connection to node -1 could not be established. Broker may not be available.
2019-11-06 16:14:35,887 [kafka-producer-network-thread | producer-1] WARN  [org.apache.kafka.clients.NetworkClient] NetworkClient.java:671 - [Producer clientId=producer-1] Connection to node -1 could not be established. Broker may not be available.
2019-11-06 16:14:38,625 [kafka-producer-network-thread | producer-1] WARN  [org.apache.kafka.clients.NetworkClient] NetworkClient.java:671 - [Producer clientId=producer-1] Connection to node -1 could not be established. Broker may not be available.
2019-11-06 16:14:38,625 [kafka-producer-network-thread | producer-2] WARN  [org.apache.kafka.clients.NetworkClient] NetworkClient.java:671 - [Producer clientId=producer-2] Connection to node -1 could not be established. Broker may not be available.
2019-11-06 16:14:38,625 [kafka-producer-network-thread | producer-3] WARN  [org.apache.kafka.clients.NetworkClient] NetworkClient.java:671 - [Producer clientId=producer-3] Connection to node -1 could not be established. Broker may not be available.
2019-11-06 16:14:42,842 [kafka-producer-network-thread | producer-2] WARN  [org.apache.kafka.clients.NetworkClient] NetworkClient.java:671 - [Producer clientId=producer-2] Connection to node -1 could not be established. Broker may not be available.
2019-11-06 16:14:42,842 [kafka-producer-network-thread | producer-3] WARN  [org.apache.kafka.clients.NetworkClient] NetworkClient.java:671 - [Producer clientId=producer-3] Connection to node -1 could not be established. Broker may not be available.
2019-11-06 16:14:42,842 [kafka-producer-network-thread | producer-1] WARN  [org.apache.kafka.clients.NetworkClient] NetworkClient.java:671 - [Producer clientId=producer-1] Connection to node -1 could not be established. Broker may not be available.
2019-11-06 16:42:31,993 [kafka-produce-pool-2] INFO  [org.apache.kafka.clients.producer.ProducerConfig] AbstractConfig.java:279 - ProducerConfig values: 
	acks = 1
	batch.size = 16384
	bootstrap.servers = [localhost:9099]
	buffer.memory = 33554432
	client.id = 
	compression.type = none
	connections.max.idle.ms = 540000
	enable.idempotence = false
	interceptor.classes = []
	key.serializer = class org.apache.kafka.common.serialization.StringSerializer
	linger.ms = 0
	max.block.ms = 60000
	max.in.flight.requests.per.connection = 5
	max.request.size = 1048576
	metadata.max.age.ms = 300000
	metric.reporters = []
	metrics.num.samples = 2
	metrics.recording.level = INFO
	metrics.sample.window.ms = 30000
	partitioner.class = class org.apache.kafka.clients.producer.internals.DefaultPartitioner
	receive.buffer.bytes = 32768
	reconnect.backoff.max.ms = 1000
	reconnect.backoff.ms = 50
	request.timeout.ms = 30000
	retries = 0
	retry.backoff.ms = 100
	sasl.client.callback.handler.class = null
	sasl.jaas.config = null
	sasl.kerberos.kinit.cmd = /usr/bin/kinit
	sasl.kerberos.min.time.before.relogin = 60000
	sasl.kerberos.service.name = null
	sasl.kerberos.ticket.renew.jitter = 0.05
	sasl.kerberos.ticket.renew.window.factor = 0.8
	sasl.login.callback.handler.class = null
	sasl.login.class = null
	sasl.login.refresh.buffer.seconds = 300
	sasl.login.refresh.min.period.seconds = 60
	sasl.login.refresh.window.factor = 0.8
	sasl.login.refresh.window.jitter = 0.05
	sasl.mechanism = GSSAPI
	security.protocol = PLAINTEXT
	send.buffer.bytes = 131072
	ssl.cipher.suites = null
	ssl.enabled.protocols = [TLSv1.2, TLSv1.1, TLSv1]
	ssl.endpoint.identification.algorithm = https
	ssl.key.password = null
	ssl.keymanager.algorithm = SunX509
	ssl.keystore.location = null
	ssl.keystore.password = null
	ssl.keystore.type = JKS
	ssl.protocol = TLS
	ssl.provider = null
	ssl.secure.random.implementation = null
	ssl.trustmanager.algorithm = PKIX
	ssl.truststore.location = null
	ssl.truststore.password = null
	ssl.truststore.type = JKS
	transaction.timeout.ms = 60000
	transactional.id = null
	value.serializer = class learn.flow.kafka.serializer.JsonSerializer

2019-11-06 16:42:31,993 [kafka-produce-pool-1] INFO  [org.apache.kafka.clients.producer.ProducerConfig] AbstractConfig.java:279 - ProducerConfig values: 
	acks = 1
	batch.size = 16384
	bootstrap.servers = [localhost:9099]
	buffer.memory = 33554432
	client.id = 
	compression.type = none
	connections.max.idle.ms = 540000
	enable.idempotence = false
	interceptor.classes = []
	key.serializer = class org.apache.kafka.common.serialization.StringSerializer
	linger.ms = 0
	max.block.ms = 60000
	max.in.flight.requests.per.connection = 5
	max.request.size = 1048576
	metadata.max.age.ms = 300000
	metric.reporters = []
	metrics.num.samples = 2
	metrics.recording.level = INFO
	metrics.sample.window.ms = 30000
	partitioner.class = class org.apache.kafka.clients.producer.internals.DefaultPartitioner
	receive.buffer.bytes = 32768
	reconnect.backoff.max.ms = 1000
	reconnect.backoff.ms = 50
	request.timeout.ms = 30000
	retries = 0
	retry.backoff.ms = 100
	sasl.client.callback.handler.class = null
	sasl.jaas.config = null
	sasl.kerberos.kinit.cmd = /usr/bin/kinit
	sasl.kerberos.min.time.before.relogin = 60000
	sasl.kerberos.service.name = null
	sasl.kerberos.ticket.renew.jitter = 0.05
	sasl.kerberos.ticket.renew.window.factor = 0.8
	sasl.login.callback.handler.class = null
	sasl.login.class = null
	sasl.login.refresh.buffer.seconds = 300
	sasl.login.refresh.min.period.seconds = 60
	sasl.login.refresh.window.factor = 0.8
	sasl.login.refresh.window.jitter = 0.05
	sasl.mechanism = GSSAPI
	security.protocol = PLAINTEXT
	send.buffer.bytes = 131072
	ssl.cipher.suites = null
	ssl.enabled.protocols = [TLSv1.2, TLSv1.1, TLSv1]
	ssl.endpoint.identification.algorithm = https
	ssl.key.password = null
	ssl.keymanager.algorithm = SunX509
	ssl.keystore.location = null
	ssl.keystore.password = null
	ssl.keystore.type = JKS
	ssl.protocol = TLS
	ssl.provider = null
	ssl.secure.random.implementation = null
	ssl.trustmanager.algorithm = PKIX
	ssl.truststore.location = null
	ssl.truststore.password = null
	ssl.truststore.type = JKS
	transaction.timeout.ms = 60000
	transactional.id = null
	value.serializer = class learn.flow.kafka.serializer.JsonSerializer

2019-11-06 16:42:31,997 [kafka-produce-pool-0] INFO  [org.apache.kafka.clients.producer.ProducerConfig] AbstractConfig.java:279 - ProducerConfig values: 
	acks = 1
	batch.size = 16384
	bootstrap.servers = [localhost:9099]
	buffer.memory = 33554432
	client.id = 
	compression.type = none
	connections.max.idle.ms = 540000
	enable.idempotence = false
	interceptor.classes = []
	key.serializer = class org.apache.kafka.common.serialization.StringSerializer
	linger.ms = 0
	max.block.ms = 60000
	max.in.flight.requests.per.connection = 5
	max.request.size = 1048576
	metadata.max.age.ms = 300000
	metric.reporters = []
	metrics.num.samples = 2
	metrics.recording.level = INFO
	metrics.sample.window.ms = 30000
	partitioner.class = class org.apache.kafka.clients.producer.internals.DefaultPartitioner
	receive.buffer.bytes = 32768
	reconnect.backoff.max.ms = 1000
	reconnect.backoff.ms = 50
	request.timeout.ms = 30000
	retries = 0
	retry.backoff.ms = 100
	sasl.client.callback.handler.class = null
	sasl.jaas.config = null
	sasl.kerberos.kinit.cmd = /usr/bin/kinit
	sasl.kerberos.min.time.before.relogin = 60000
	sasl.kerberos.service.name = null
	sasl.kerberos.ticket.renew.jitter = 0.05
	sasl.kerberos.ticket.renew.window.factor = 0.8
	sasl.login.callback.handler.class = null
	sasl.login.class = null
	sasl.login.refresh.buffer.seconds = 300
	sasl.login.refresh.min.period.seconds = 60
	sasl.login.refresh.window.factor = 0.8
	sasl.login.refresh.window.jitter = 0.05
	sasl.mechanism = GSSAPI
	security.protocol = PLAINTEXT
	send.buffer.bytes = 131072
	ssl.cipher.suites = null
	ssl.enabled.protocols = [TLSv1.2, TLSv1.1, TLSv1]
	ssl.endpoint.identification.algorithm = https
	ssl.key.password = null
	ssl.keymanager.algorithm = SunX509
	ssl.keystore.location = null
	ssl.keystore.password = null
	ssl.keystore.type = JKS
	ssl.protocol = TLS
	ssl.provider = null
	ssl.secure.random.implementation = null
	ssl.trustmanager.algorithm = PKIX
	ssl.truststore.location = null
	ssl.truststore.password = null
	ssl.truststore.type = JKS
	transaction.timeout.ms = 60000
	transactional.id = null
	value.serializer = class learn.flow.kafka.serializer.JsonSerializer

2019-11-06 16:42:44,000 [kafka-produce-pool-2] INFO  [org.apache.kafka.common.utils.AppInfoParser] AppInfoParser.java:109 - Kafka version : 2.0.1
2019-11-06 16:42:44,000 [kafka-produce-pool-2] INFO  [org.apache.kafka.common.utils.AppInfoParser] AppInfoParser.java:110 - Kafka commitId : fa14705e51bd2ce5
2019-11-06 16:42:44,000 [kafka-produce-pool-0] INFO  [org.apache.kafka.common.utils.AppInfoParser] AppInfoParser.java:109 - Kafka version : 2.0.1
2019-11-06 16:42:44,000 [kafka-produce-pool-0] INFO  [org.apache.kafka.common.utils.AppInfoParser] AppInfoParser.java:110 - Kafka commitId : fa14705e51bd2ce5
2019-11-06 16:42:44,000 [kafka-produce-pool-1] INFO  [org.apache.kafka.common.utils.AppInfoParser] AppInfoParser.java:109 - Kafka version : 2.0.1
2019-11-06 16:42:44,000 [kafka-produce-pool-1] INFO  [org.apache.kafka.common.utils.AppInfoParser] AppInfoParser.java:110 - Kafka commitId : fa14705e51bd2ce5
2019-11-06 16:42:48,266 [kafka-producer-network-thread | producer-3] WARN  [org.apache.kafka.clients.NetworkClient] NetworkClient.java:671 - [Producer clientId=producer-3] Connection to node -1 could not be established. Broker may not be available.
2019-11-06 16:42:48,266 [kafka-producer-network-thread | producer-1] WARN  [org.apache.kafka.clients.NetworkClient] NetworkClient.java:671 - [Producer clientId=producer-1] Connection to node -1 could not be established. Broker may not be available.
2019-11-06 16:42:48,266 [kafka-producer-network-thread | producer-2] WARN  [org.apache.kafka.clients.NetworkClient] NetworkClient.java:671 - [Producer clientId=producer-2] Connection to node -1 could not be established. Broker may not be available.
2019-11-06 16:43:11,917 [kafka-produce-pool-2] INFO  [org.apache.kafka.clients.producer.ProducerConfig] AbstractConfig.java:279 - ProducerConfig values: 
	acks = 1
	batch.size = 16384
	bootstrap.servers = [localhost:9988]
	buffer.memory = 33554432
	client.id = 
	compression.type = none
	connections.max.idle.ms = 540000
	enable.idempotence = false
	interceptor.classes = []
	key.serializer = class org.apache.kafka.common.serialization.StringSerializer
	linger.ms = 0
	max.block.ms = 60000
	max.in.flight.requests.per.connection = 5
	max.request.size = 1048576
	metadata.max.age.ms = 300000
	metric.reporters = []
	metrics.num.samples = 2
	metrics.recording.level = INFO
	metrics.sample.window.ms = 30000
	partitioner.class = class org.apache.kafka.clients.producer.internals.DefaultPartitioner
	receive.buffer.bytes = 32768
	reconnect.backoff.max.ms = 1000
	reconnect.backoff.ms = 50
	request.timeout.ms = 30000
	retries = 0
	retry.backoff.ms = 100
	sasl.client.callback.handler.class = null
	sasl.jaas.config = null
	sasl.kerberos.kinit.cmd = /usr/bin/kinit
	sasl.kerberos.min.time.before.relogin = 60000
	sasl.kerberos.service.name = null
	sasl.kerberos.ticket.renew.jitter = 0.05
	sasl.kerberos.ticket.renew.window.factor = 0.8
	sasl.login.callback.handler.class = null
	sasl.login.class = null
	sasl.login.refresh.buffer.seconds = 300
	sasl.login.refresh.min.period.seconds = 60
	sasl.login.refresh.window.factor = 0.8
	sasl.login.refresh.window.jitter = 0.05
	sasl.mechanism = GSSAPI
	security.protocol = PLAINTEXT
	send.buffer.bytes = 131072
	ssl.cipher.suites = null
	ssl.enabled.protocols = [TLSv1.2, TLSv1.1, TLSv1]
	ssl.endpoint.identification.algorithm = https
	ssl.key.password = null
	ssl.keymanager.algorithm = SunX509
	ssl.keystore.location = null
	ssl.keystore.password = null
	ssl.keystore.type = JKS
	ssl.protocol = TLS
	ssl.provider = null
	ssl.secure.random.implementation = null
	ssl.trustmanager.algorithm = PKIX
	ssl.truststore.location = null
	ssl.truststore.password = null
	ssl.truststore.type = JKS
	transaction.timeout.ms = 60000
	transactional.id = null
	value.serializer = class learn.flow.kafka.serializer.JsonSerializer

2019-11-06 16:43:12,026 [kafka-produce-pool-0] INFO  [org.apache.kafka.clients.producer.ProducerConfig] AbstractConfig.java:279 - ProducerConfig values: 
	acks = 1
	batch.size = 16384
	bootstrap.servers = [localhost:9988]
	buffer.memory = 33554432
	client.id = 
	compression.type = none
	connections.max.idle.ms = 540000
	enable.idempotence = false
	interceptor.classes = []
	key.serializer = class org.apache.kafka.common.serialization.StringSerializer
	linger.ms = 0
	max.block.ms = 60000
	max.in.flight.requests.per.connection = 5
	max.request.size = 1048576
	metadata.max.age.ms = 300000
	metric.reporters = []
	metrics.num.samples = 2
	metrics.recording.level = INFO
	metrics.sample.window.ms = 30000
	partitioner.class = class org.apache.kafka.clients.producer.internals.DefaultPartitioner
	receive.buffer.bytes = 32768
	reconnect.backoff.max.ms = 1000
	reconnect.backoff.ms = 50
	request.timeout.ms = 30000
	retries = 0
	retry.backoff.ms = 100
	sasl.client.callback.handler.class = null
	sasl.jaas.config = null
	sasl.kerberos.kinit.cmd = /usr/bin/kinit
	sasl.kerberos.min.time.before.relogin = 60000
	sasl.kerberos.service.name = null
	sasl.kerberos.ticket.renew.jitter = 0.05
	sasl.kerberos.ticket.renew.window.factor = 0.8
	sasl.login.callback.handler.class = null
	sasl.login.class = null
	sasl.login.refresh.buffer.seconds = 300
	sasl.login.refresh.min.period.seconds = 60
	sasl.login.refresh.window.factor = 0.8
	sasl.login.refresh.window.jitter = 0.05
	sasl.mechanism = GSSAPI
	security.protocol = PLAINTEXT
	send.buffer.bytes = 131072
	ssl.cipher.suites = null
	ssl.enabled.protocols = [TLSv1.2, TLSv1.1, TLSv1]
	ssl.endpoint.identification.algorithm = https
	ssl.key.password = null
	ssl.keymanager.algorithm = SunX509
	ssl.keystore.location = null
	ssl.keystore.password = null
	ssl.keystore.type = JKS
	ssl.protocol = TLS
	ssl.provider = null
	ssl.secure.random.implementation = null
	ssl.trustmanager.algorithm = PKIX
	ssl.truststore.location = null
	ssl.truststore.password = null
	ssl.truststore.type = JKS
	transaction.timeout.ms = 60000
	transactional.id = null
	value.serializer = class learn.flow.kafka.serializer.JsonSerializer

2019-11-06 16:43:11,917 [kafka-produce-pool-1] INFO  [org.apache.kafka.clients.producer.ProducerConfig] AbstractConfig.java:279 - ProducerConfig values: 
	acks = 1
	batch.size = 16384
	bootstrap.servers = [localhost:9988]
	buffer.memory = 33554432
	client.id = 
	compression.type = none
	connections.max.idle.ms = 540000
	enable.idempotence = false
	interceptor.classes = []
	key.serializer = class org.apache.kafka.common.serialization.StringSerializer
	linger.ms = 0
	max.block.ms = 60000
	max.in.flight.requests.per.connection = 5
	max.request.size = 1048576
	metadata.max.age.ms = 300000
	metric.reporters = []
	metrics.num.samples = 2
	metrics.recording.level = INFO
	metrics.sample.window.ms = 30000
	partitioner.class = class org.apache.kafka.clients.producer.internals.DefaultPartitioner
	receive.buffer.bytes = 32768
	reconnect.backoff.max.ms = 1000
	reconnect.backoff.ms = 50
	request.timeout.ms = 30000
	retries = 0
	retry.backoff.ms = 100
	sasl.client.callback.handler.class = null
	sasl.jaas.config = null
	sasl.kerberos.kinit.cmd = /usr/bin/kinit
	sasl.kerberos.min.time.before.relogin = 60000
	sasl.kerberos.service.name = null
	sasl.kerberos.ticket.renew.jitter = 0.05
	sasl.kerberos.ticket.renew.window.factor = 0.8
	sasl.login.callback.handler.class = null
	sasl.login.class = null
	sasl.login.refresh.buffer.seconds = 300
	sasl.login.refresh.min.period.seconds = 60
	sasl.login.refresh.window.factor = 0.8
	sasl.login.refresh.window.jitter = 0.05
	sasl.mechanism = GSSAPI
	security.protocol = PLAINTEXT
	send.buffer.bytes = 131072
	ssl.cipher.suites = null
	ssl.enabled.protocols = [TLSv1.2, TLSv1.1, TLSv1]
	ssl.endpoint.identification.algorithm = https
	ssl.key.password = null
	ssl.keymanager.algorithm = SunX509
	ssl.keystore.location = null
	ssl.keystore.password = null
	ssl.keystore.type = JKS
	ssl.protocol = TLS
	ssl.provider = null
	ssl.secure.random.implementation = null
	ssl.trustmanager.algorithm = PKIX
	ssl.truststore.location = null
	ssl.truststore.password = null
	ssl.truststore.type = JKS
	transaction.timeout.ms = 60000
	transactional.id = null
	value.serializer = class learn.flow.kafka.serializer.JsonSerializer

2019-11-06 16:43:15,423 [kafka-produce-pool-2] INFO  [org.apache.kafka.common.utils.AppInfoParser] AppInfoParser.java:109 - Kafka version : 2.0.1
2019-11-06 16:43:15,423 [kafka-produce-pool-2] INFO  [org.apache.kafka.common.utils.AppInfoParser] AppInfoParser.java:110 - Kafka commitId : fa14705e51bd2ce5
2019-11-06 16:43:15,423 [kafka-produce-pool-1] INFO  [org.apache.kafka.common.utils.AppInfoParser] AppInfoParser.java:109 - Kafka version : 2.0.1
2019-11-06 16:43:15,423 [kafka-produce-pool-1] INFO  [org.apache.kafka.common.utils.AppInfoParser] AppInfoParser.java:110 - Kafka commitId : fa14705e51bd2ce5
2019-11-06 16:43:15,423 [kafka-produce-pool-0] INFO  [org.apache.kafka.common.utils.AppInfoParser] AppInfoParser.java:109 - Kafka version : 2.0.1
2019-11-06 16:43:15,423 [kafka-produce-pool-0] INFO  [org.apache.kafka.common.utils.AppInfoParser] AppInfoParser.java:110 - Kafka commitId : fa14705e51bd2ce5
2019-11-06 16:43:19,515 [kafka-producer-network-thread | producer-2] WARN  [org.apache.kafka.clients.NetworkClient] NetworkClient.java:671 - [Producer clientId=producer-2] Connection to node -1 could not be established. Broker may not be available.
2019-11-06 16:43:19,515 [kafka-producer-network-thread | producer-3] WARN  [org.apache.kafka.clients.NetworkClient] NetworkClient.java:671 - [Producer clientId=producer-3] Connection to node -1 could not be established. Broker may not be available.
2019-11-06 16:43:19,515 [kafka-producer-network-thread | producer-1] WARN  [org.apache.kafka.clients.NetworkClient] NetworkClient.java:671 - [Producer clientId=producer-1] Connection to node -1 could not be established. Broker may not be available.
2019-11-06 16:43:22,578 [kafka-producer-network-thread | producer-3] WARN  [org.apache.kafka.clients.NetworkClient] NetworkClient.java:671 - [Producer clientId=producer-3] Connection to node -1 could not be established. Broker may not be available.
2019-11-06 16:43:22,578 [kafka-producer-network-thread | producer-2] WARN  [org.apache.kafka.clients.NetworkClient] NetworkClient.java:671 - [Producer clientId=producer-2] Connection to node -1 could not be established. Broker may not be available.
2019-11-06 16:43:22,578 [kafka-producer-network-thread | producer-1] WARN  [org.apache.kafka.clients.NetworkClient] NetworkClient.java:671 - [Producer clientId=producer-1] Connection to node -1 could not be established. Broker may not be available.
2019-11-06 16:43:27,204 [kafka-producer-network-thread | producer-3] WARN  [org.apache.kafka.clients.NetworkClient] NetworkClient.java:671 - [Producer clientId=producer-3] Connection to node -1 could not be established. Broker may not be available.
2019-11-06 16:43:27,204 [kafka-producer-network-thread | producer-1] WARN  [org.apache.kafka.clients.NetworkClient] NetworkClient.java:671 - [Producer clientId=producer-1] Connection to node -1 could not be established. Broker may not be available.
2019-11-06 16:43:27,204 [kafka-producer-network-thread | producer-2] WARN  [org.apache.kafka.clients.NetworkClient] NetworkClient.java:671 - [Producer clientId=producer-2] Connection to node -1 could not be established. Broker may not be available.
